
Showing logs for build [32mcb-kubecd-environment-pr-226-3-wcjqr-1[0m stage [32mfrom-build-pack[0m and container [32mstep-credential-initializer-jfx7h[0m
{"level":"info","ts":1589944445.46806,"logger":"fallback-logger","caller":"logging/config.go:69","msg":"Fetch GitHub commit ID from kodata failed: open /var/run/ko/refs/heads/0.8.0-ns-support: no such file or directory"}
{"level":"info","ts":1589944445.4682968,"logger":"fallback-logger","caller":"creds-init/main.go:40","msg":"Credentials initialized."}

Showing logs for build [32mcb-kubecd-environment-pr-226-3-wcjqr-1[0m stage [32mfrom-build-pack[0m and container [32mstep-working-dir-initializer-hg5ps[0m
{"level":"info","ts":1589944445.7519932,"logger":"fallback-logger","caller":"logging/config.go:69","msg":"Fetch GitHub commit ID from kodata failed: open /var/run/ko/HEAD: no such file or directory"}
{"level":"info","ts":1589944445.7527156,"logger":"fallback-logger","caller":"bash/main.go:64","msg":"Successfully executed command \"sh -c mkdir -p /workspace/source\"; output "}

Showing logs for build [32mcb-kubecd-environment-pr-226-3-wcjqr-1[0m stage [32mfrom-build-pack[0m and container [32mstep-place-tools[0m

Showing logs for build [32mcb-kubecd-environment-pr-226-3-wcjqr-1[0m stage [32mfrom-build-pack[0m and container [32mstep-git-source-cb-kubecd-environment-pr-226-3-wcjqr-kc52b[0m
{"level":"info","ts":1589944464.824119,"logger":"fallback-logger","caller":"logging/config.go:69","msg":"Fetch GitHub commit ID from kodata failed: open /var/run/ko/refs/heads/0.8.0-ns-support: no such file or directory"}
{"level":"info","ts":1589944465.019118,"logger":"fallback-logger","caller":"git/git.go:103","msg":"Successfully cloned https://github.com/cb-kubecd/environment-pr-226-3-boot-eks-production.git @ master in path /workspace/source"}

Showing logs for build [32mcb-kubecd-environment-pr-226-3-wcjqr-1[0m stage [32mfrom-build-pack[0m and container [32mstep-git-merge[0m
Using SHAs from PULL_REFS=master:298cb8e0184a301dbe3debee5dc3a28650b32f80,1:0302cf932ea47bd2f08b1800c5baeccbae89563a
DEBUG: LC_ALL=C JX_LOG_LEVEL=error git fetch origin --unshallow 0302cf932ea47bd2f08b1800c5baeccbae89563a: 298cb8e0184a301dbe3debee5dc3a28650b32f80:
DEBUG: ran git fetch --unshallow origin 0302cf932ea47bd2f08b1800c5baeccbae89563a: 298cb8e0184a301dbe3debee5dc3a28650b32f80: in 
DEBUG: LC_ALL=C JX_LOG_LEVEL=error git branch
DEBUG: LC_ALL=C JX_LOG_LEVEL=error git checkout master
DEBUG: ran git checkout master in 
DEBUG: JX_LOG_LEVEL=error LC_ALL=C git reset --hard 298cb8e0184a301dbe3debee5dc3a28650b32f80
DEBUG: ran git reset --hard 298cb8e0184a301dbe3debee5dc3a28650b32f80 in 
DEBUG: LC_ALL=C JX_LOG_LEVEL=error git clean -fd .
DEBUG: ran clean --force -d . in 
DEBUG: LC_ALL=C JX_LOG_LEVEL=error git merge 0302cf932ea47bd2f08b1800c5baeccbae89563a
DEBUG: ran git merge 0302cf932ea47bd2f08b1800c5baeccbae89563a in 
DEBUG: LC_ALL=C JX_LOG_LEVEL=error git log --format=%H%x1f%an%x1f%ae%x1f%cn%x1f%ce%x1f%s%n%b%x1e 298cb8e0184a301dbe3debee5dc3a28650b32f80..HEAD
Merged SHA 0302cf932ea47bd2f08b1800c5baeccbae89563a with commit message 'chore: Promote bdd-spring-1589942738 to version 0.0.1' into base branch master

Showing logs for build [32mcb-kubecd-environment-pr-226-3-wcjqr-1[0m stage [32mfrom-build-pack[0m and container [32mstep-build-helm-build[0m
WARNING: No $CHART_REPOSITORY defined so using the default value of: http://jenkins-x-chartmuseum:8080
Adding missing Helm repo: storage.googleapis.com https://storage.googleapis.com/chartmuseum.jenkins-x.io
WARNING: No secrets found on "helm/repos" due: reading the secret "helm/repos" from vault: no secret "helm/repos" not found in vault
Read credentials for https://storage.googleapis.com/chartmuseum.jenkins-x.io from vault helm/repos
Successfully added Helm repository storage.googleapis.com.
Adding missing Helm repo: jenkins-x-chartmuseum http://jenkins-x-chartmuseum:8080
WARNING: No secrets found on "helm/repos" due: reading the secret "helm/repos" from vault: no secret "helm/repos" not found in vault
Read credentials for http://jenkins-x-chartmuseum:8080 from vault helm/repos
Successfully added Helm repository jenkins-x-chartmuseum.
WARNING: No $CHART_REPOSITORY defined so using the default value of: http://jenkins-x-chartmuseum:8080
Adding missing Helm repo: chartmuseum.jenkins-x.io http://chartmuseum.jenkins-x.io
WARNING: No secrets found on "helm/repos" due: reading the secret "helm/repos" from vault: no secret "helm/repos" not found in vault
Read credentials for http://chartmuseum.jenkins-x.io from vault helm/repos
Successfully added Helm repository chartmuseum.jenkins-x.io.
